# Logfile created on 2024-10-24 10:32:05 +0000 by logger.rb/v1.5.3
{"severity":"DEBUG","time":"2024-10-24T10:32:05.691Z","correlation_id":null,"event":"setup","model":"ActiveRecord::Base","start_service_discovery":false}
{"severity":"DEBUG","time":"2024-10-24T10:32:05.696Z","correlation_id":null,"event":"setup","model":"ActiveRecord::Base","start_service_discovery":true}
{"severity":"DEBUG","time":"2024-10-24T10:32:05.701Z","correlation_id":null,"event":"setup","model":"Ci::ApplicationRecord","start_service_discovery":false}
{"severity":"DEBUG","time":"2024-10-24T10:32:05.705Z","correlation_id":null,"event":"setup","model":"Ci::ApplicationRecord","start_service_discovery":true}
{"severity":"DEBUG","time":"2024-10-24T10:32:33.646Z","correlation_id":null,"event":"setup","model":"ActiveRecord::Base","start_service_discovery":false}
{"severity":"DEBUG","time":"2024-10-24T10:32:33.646Z","correlation_id":null,"event":"setup","model":"ActiveRecord::Base","start_service_discovery":true}
{"severity":"DEBUG","time":"2024-10-24T10:32:33.647Z","correlation_id":null,"event":"setup","model":"Ci::ApplicationRecord","start_service_discovery":false}
{"severity":"DEBUG","time":"2024-10-24T10:32:33.647Z","correlation_id":null,"event":"setup","model":"Ci::ApplicationRecord","start_service_discovery":true}
{"severity":"DEBUG","time":"2024-10-24T10:32:54.624Z","correlation_id":null,"event":"setup","model":"ActiveRecord::Base","start_service_discovery":false}
{"severity":"DEBUG","time":"2024-10-24T10:32:54.624Z","correlation_id":null,"event":"setup","model":"Ci::ApplicationRecord","start_service_discovery":false}
{"severity":"DEBUG","time":"2024-10-24T10:33:02.052Z","correlation_id":null,"event":"setup","model":"ActiveRecord::Base","start_service_discovery":false}
{"severity":"DEBUG","time":"2024-10-24T10:33:02.053Z","correlation_id":null,"event":"setup","model":"ActiveRecord::Base","start_service_discovery":true}
{"severity":"DEBUG","time":"2024-10-24T10:33:02.054Z","correlation_id":null,"event":"setup","model":"Ci::ApplicationRecord","start_service_discovery":false}
{"severity":"DEBUG","time":"2024-10-24T10:33:02.054Z","correlation_id":null,"event":"setup","model":"Ci::ApplicationRecord","start_service_discovery":true}
{"severity":"DEBUG","time":"2024-10-24T10:33:12.488Z","correlation_id":null,"event":"setup","model":"ActiveRecord::Base","start_service_discovery":true}
{"severity":"DEBUG","time":"2024-10-24T10:33:12.489Z","correlation_id":null,"event":"setup","model":"Ci::ApplicationRecord","start_service_discovery":true}
{"severity":"DEBUG","time":"2024-10-24T10:33:12.551Z","correlation_id":null,"event":"setup","model":"ActiveRecord::Base","start_service_discovery":true}
{"severity":"DEBUG","time":"2024-10-24T10:33:12.553Z","correlation_id":null,"event":"setup","model":"Ci::ApplicationRecord","start_service_discovery":true}
{"severity":"DEBUG","time":"2024-10-24T10:33:12.572Z","correlation_id":null,"event":"setup","model":"ActiveRecord::Base","start_service_discovery":true}
{"severity":"DEBUG","time":"2024-10-24T10:33:12.574Z","correlation_id":null,"event":"setup","model":"Ci::ApplicationRecord","start_service_discovery":true}
{"severity":"DEBUG","time":"2024-10-24T10:33:12.637Z","correlation_id":null,"event":"setup","model":"ActiveRecord::Base","start_service_discovery":true}
{"severity":"DEBUG","time":"2024-10-24T10:33:12.639Z","correlation_id":null,"event":"setup","model":"Ci::ApplicationRecord","start_service_discovery":true}
{"severity":"DEBUG","time":"2024-10-24T10:33:12.657Z","correlation_id":null,"event":"setup","model":"ActiveRecord::Base","start_service_discovery":true}
{"severity":"DEBUG","time":"2024-10-24T10:33:12.658Z","correlation_id":null,"event":"setup","model":"Ci::ApplicationRecord","start_service_discovery":true}
{"severity":"DEBUG","time":"2024-10-24T10:33:12.684Z","correlation_id":null,"event":"setup","model":"ActiveRecord::Base","start_service_discovery":true}
{"severity":"DEBUG","time":"2024-10-24T10:33:12.686Z","correlation_id":null,"event":"setup","model":"Ci::ApplicationRecord","start_service_discovery":true}
{"severity":"DEBUG","time":"2024-10-24T10:34:45.593Z","correlation_id":null,"event":"setup","model":"ActiveRecord::Base","start_service_discovery":false}
{"severity":"DEBUG","time":"2024-10-24T10:34:45.594Z","correlation_id":null,"event":"setup","model":"Ci::ApplicationRecord","start_service_discovery":false}
{"severity":"DEBUG","time":"2024-10-24T10:34:52.350Z","correlation_id":null,"event":"setup","model":"ActiveRecord::Base","start_service_discovery":false}
{"severity":"DEBUG","time":"2024-10-24T10:34:52.351Z","correlation_id":null,"event":"setup","model":"ActiveRecord::Base","start_service_discovery":true}
{"severity":"DEBUG","time":"2024-10-24T10:34:52.352Z","correlation_id":null,"event":"setup","model":"Ci::ApplicationRecord","start_service_discovery":false}
{"severity":"DEBUG","time":"2024-10-24T10:34:52.353Z","correlation_id":null,"event":"setup","model":"Ci::ApplicationRecord","start_service_discovery":true}
{"severity":"DEBUG","time":"2024-10-24T10:35:03.550Z","correlation_id":null,"event":"setup","model":"ActiveRecord::Base","start_service_discovery":true}
{"severity":"DEBUG","time":"2024-10-24T10:35:03.553Z","correlation_id":null,"event":"setup","model":"Ci::ApplicationRecord","start_service_discovery":true}
{"severity":"DEBUG","time":"2024-10-24T10:35:03.582Z","correlation_id":null,"event":"setup","model":"ActiveRecord::Base","start_service_discovery":true}
{"severity":"DEBUG","time":"2024-10-24T10:35:03.583Z","correlation_id":null,"event":"setup","model":"Ci::ApplicationRecord","start_service_discovery":true}
{"severity":"DEBUG","time":"2024-10-24T10:35:03.606Z","correlation_id":null,"event":"setup","model":"ActiveRecord::Base","start_service_discovery":true}
{"severity":"DEBUG","time":"2024-10-24T10:35:03.608Z","correlation_id":null,"event":"setup","model":"Ci::ApplicationRecord","start_service_discovery":true}
{"severity":"DEBUG","time":"2024-10-24T10:35:03.615Z","correlation_id":null,"event":"setup","model":"ActiveRecord::Base","start_service_discovery":true}
{"severity":"DEBUG","time":"2024-10-24T10:35:03.616Z","correlation_id":null,"event":"setup","model":"ActiveRecord::Base","start_service_discovery":true}
{"severity":"DEBUG","time":"2024-10-24T10:35:03.616Z","correlation_id":null,"event":"setup","model":"Ci::ApplicationRecord","start_service_discovery":true}
{"severity":"DEBUG","time":"2024-10-24T10:35:03.617Z","correlation_id":null,"event":"setup","model":"Ci::ApplicationRecord","start_service_discovery":true}
{"severity":"DEBUG","time":"2024-10-24T10:35:03.633Z","correlation_id":null,"event":"setup","model":"ActiveRecord::Base","start_service_discovery":true}
{"severity":"DEBUG","time":"2024-10-24T10:35:03.634Z","correlation_id":null,"event":"setup","model":"Ci::ApplicationRecord","start_service_discovery":true}
{"severity":"DEBUG","time":"2024-10-24T10:35:32.888Z","correlation_id":null,"event":"setup","model":"ActiveRecord::Base","start_service_discovery":false}
{"severity":"DEBUG","time":"2024-10-24T10:35:32.889Z","correlation_id":null,"event":"setup","model":"ActiveRecord::Base","start_service_discovery":true}
{"severity":"DEBUG","time":"2024-10-24T10:35:32.889Z","correlation_id":null,"event":"setup","model":"Ci::ApplicationRecord","start_service_discovery":false}
{"severity":"DEBUG","time":"2024-10-24T10:35:32.890Z","correlation_id":null,"event":"setup","model":"Ci::ApplicationRecord","start_service_discovery":true}
{"severity":"DEBUG","time":"2024-10-24T10:55:04.307Z","correlation_id":null,"event":"setup","model":"ActiveRecord::Base","start_service_discovery":false}
{"severity":"DEBUG","time":"2024-10-24T10:55:04.308Z","correlation_id":null,"event":"setup","model":"Ci::ApplicationRecord","start_service_discovery":false}
{"severity":"DEBUG","time":"2024-10-24T10:55:10.634Z","correlation_id":null,"event":"setup","model":"ActiveRecord::Base","start_service_discovery":false}
{"severity":"DEBUG","time":"2024-10-24T10:55:10.635Z","correlation_id":null,"event":"setup","model":"ActiveRecord::Base","start_service_discovery":true}
{"severity":"DEBUG","time":"2024-10-24T10:55:10.635Z","correlation_id":null,"event":"setup","model":"Ci::ApplicationRecord","start_service_discovery":false}
{"severity":"DEBUG","time":"2024-10-24T10:55:10.636Z","correlation_id":null,"event":"setup","model":"Ci::ApplicationRecord","start_service_discovery":true}
{"severity":"DEBUG","time":"2024-10-24T10:55:21.005Z","correlation_id":null,"event":"setup","model":"ActiveRecord::Base","start_service_discovery":true}
{"severity":"DEBUG","time":"2024-10-24T10:55:21.006Z","correlation_id":null,"event":"setup","model":"Ci::ApplicationRecord","start_service_discovery":true}
{"severity":"DEBUG","time":"2024-10-24T10:55:21.047Z","correlation_id":null,"event":"setup","model":"ActiveRecord::Base","start_service_discovery":true}
{"severity":"DEBUG","time":"2024-10-24T10:55:21.049Z","correlation_id":null,"event":"setup","model":"Ci::ApplicationRecord","start_service_discovery":true}
{"severity":"DEBUG","time":"2024-10-24T10:55:21.092Z","correlation_id":null,"event":"setup","model":"ActiveRecord::Base","start_service_discovery":true}
{"severity":"DEBUG","time":"2024-10-24T10:55:21.093Z","correlation_id":null,"event":"setup","model":"ActiveRecord::Base","start_service_discovery":true}
{"severity":"DEBUG","time":"2024-10-24T10:55:21.094Z","correlation_id":null,"event":"setup","model":"Ci::ApplicationRecord","start_service_discovery":true}
{"severity":"DEBUG","time":"2024-10-24T10:55:21.094Z","correlation_id":null,"event":"setup","model":"Ci::ApplicationRecord","start_service_discovery":true}
{"severity":"DEBUG","time":"2024-10-24T10:55:21.101Z","correlation_id":null,"event":"setup","model":"ActiveRecord::Base","start_service_discovery":true}
{"severity":"DEBUG","time":"2024-10-24T10:55:21.102Z","correlation_id":null,"event":"setup","model":"Ci::ApplicationRecord","start_service_discovery":true}
{"severity":"DEBUG","time":"2024-10-24T10:55:21.151Z","correlation_id":null,"event":"setup","model":"ActiveRecord::Base","start_service_discovery":true}
{"severity":"DEBUG","time":"2024-10-24T10:55:21.152Z","correlation_id":null,"event":"setup","model":"Ci::ApplicationRecord","start_service_discovery":true}
{"severity":"DEBUG","time":"2024-10-24T10:55:55.557Z","correlation_id":null,"event":"setup","model":"ActiveRecord::Base","start_service_discovery":false}
{"severity":"DEBUG","time":"2024-10-24T10:55:55.557Z","correlation_id":null,"event":"setup","model":"ActiveRecord::Base","start_service_discovery":true}
{"severity":"DEBUG","time":"2024-10-24T10:55:55.558Z","correlation_id":null,"event":"setup","model":"Ci::ApplicationRecord","start_service_discovery":false}
{"severity":"DEBUG","time":"2024-10-24T10:55:55.558Z","correlation_id":null,"event":"setup","model":"Ci::ApplicationRecord","start_service_discovery":true}
